<?xml version="1.0" encoding="UTF-8"?>
<!-- Generated by org.testng.reporters.JUnitReportReporter -->
<testsuite hostname="Kapil" failures="0" tests="4" name="api.test.User_test" time="2.292" errors="0" timestamp="2023-06-14T23:28:34 EDT" skipped="0">
  <testcase classname="api.test.User_test" name="test_post_user" time="1.479"/>
  <system-out/>
  <testcase classname="api.test.User_test" name="test_get_user" time="0.218"/>
  <system-out/>
  <testcase classname="api.test.User_test" name="test_update_user" time="0.400"/>
  <system-out/>
  <testcase classname="api.test.User_test" name="test_delete_user" time="0.195"/>
  <system-out/>
</testsuite> <!-- api.test.User_test -->
