<?xml version="1.0" encoding="UTF-8"?>
<!-- Generated by org.testng.reporters.JUnitReportReporter -->
<testsuite hostname="Kapil" failures="0" tests="6" name="api.test.DataDriverTest" time="2.470" errors="0" timestamp="2023-06-14T20:55:33 EDT" skipped="0">
  <testcase classname="api.test.DataDriverTest" name="mulitple_post_request" time="0.209"/>
  <system-out/>
  <testcase classname="api.test.DataDriverTest" name="mulitple_post_request" time="0.203"/>
  <system-out/>
  <testcase classname="api.test.DataDriverTest" name="mulitple_post_request" time="1.457"/>
  <system-out/>
  <testcase classname="api.test.DataDriverTest" name="delete_request" time="0.188"/>
  <system-out/>
  <testcase classname="api.test.DataDriverTest" name="delete_request" time="0.199"/>
  <system-out/>
  <testcase classname="api.test.DataDriverTest" name="delete_request" time="0.214"/>
  <system-out/>
</testsuite> <!-- api.test.DataDriverTest -->
