<?xml version="1.0" encoding="UTF-8"?>
<!-- Generated by org.testng.reporters.JUnitReportReporter -->
<testsuite hostname="Kapil" failures="0" tests="4" name="api.test.User_test" time="2.171" errors="0" timestamp="2023-06-15T00:58:16 EDT" skipped="0">
  <testcase classname="api.test.User_test" name="test_post_user" time="1.354"/>
  <system-out/>
  <testcase classname="api.test.User_test" name="test_get_user" time="0.216"/>
  <system-out/>
  <testcase classname="api.test.User_test" name="test_update_user" time="0.411"/>
  <system-out/>
  <testcase classname="api.test.User_test" name="test_delete_user" time="0.190"/>
  <system-out/>
</testsuite> <!-- api.test.User_test -->
